app/build/intermediates/manifest_merge_blame_file/debug/processDebugMainManifest/manifest-merger-blame-debug-report.txt
1<?xml version="1.0" encoding="utf-8"?>
2<manifest xmlns:android="http://schemas.android.com/apk/res/android"
3    package="com.imron.launcher"
4    android:versionCode="1"
5    android:versionName="1.0" >
6
7    <uses-sdk
8        android:minSdkVersion="24"
9        android:targetSdkVersion="34" />
10
11    <application
11-->src/main/AndroidManifest.xml:4:5-22:19
12        android:allowBackup="true"
12-->src/main/AndroidManifest.xml:5:9-35
13        android:debuggable="true"
14        android:extractNativeLibs="false"
15        android:label="Imron Launcher"
15-->src/main/AndroidManifest.xml:6:9-39
16        android:theme="@android:style/Theme.Material.Light.NoActionBar" >
16-->src/main/AndroidManifest.xml:7:9-72
17        <activity
17-->src/main/AndroidManifest.xml:9:9-20:20
18            android:name="com.imron.launcher.MainActivity"
18-->src/main/AndroidManifest.xml:10:13-41
19            android:exported="true" >
19-->src/main/AndroidManifest.xml:11:13-36
20            <intent-filter>
20-->src/main/AndroidManifest.xml:13:13-18:29
21                <action android:name="android.intent.action.MAIN" />
21-->src/main/AndroidManifest.xml:14:17-68
21-->src/main/AndroidManifest.xml:14:25-66
22
23                <category android:name="android.intent.category.HOME" />
23-->src/main/AndroidManifest.xml:16:17-72
23-->src/main/AndroidManifest.xml:16:27-70
24                <category android:name="android.intent.category.DEFAULT" />
24-->src/main/AndroidManifest.xml:17:17-75
24-->src/main/AndroidManifest.xml:17:27-73
25            </intent-filter>
26        </activity>
27    </application>
28
29</manifest>